e:\glab\glab\basescene\x64\debug\vc142.pdb
e:\glab\glab\basescene\x64\debug\vc142.idb
e:\glab\glab\basescene\x64\debug\vertexbufferobject.obj
e:\glab\glab\basescene\x64\debug\vertexarrayobject.obj
e:\glab\glab\basescene\x64\debug\shaderclass.obj
e:\glab\glab\basescene\x64\debug\main.obj
e:\glab\glab\basescene\x64\debug\elementbufferobject.obj
e:\glab\glab\basescene\x64\debug\glad.obj
e:\glab\glab\basescene\x64\debug\texture.obj
e:\glab\glab\basescene\x64\debug\basescene.ilk
e:\glab\glab\basescene\x64\debug\basescene.exe
e:\glab\glab\basescene\x64\debug\basescene.pdb
e:\glab\glab\basescene\x64\debug\ebo.obj
e:\glab\glab\basescene\x64\debug\vao.obj
e:\glab\glab\basescene\x64\debug\vbo.obj
e:\glab\glab\basescene\x64\debug\youtubeopengl.ilk
e:\glab\glab\basescene\x64\debug\youtubeopengl.pdb
e:\glab\glab\basescene\x64\debug\basescene.tlog\cl.command.1.tlog
e:\glab\glab\basescene\x64\debug\basescene.tlog\cl.read.1.tlog
e:\glab\glab\basescene\x64\debug\basescene.tlog\cl.write.1.tlog
e:\glab\glab\basescene\x64\debug\basescene.tlog\link-cvtres.read.1.tlog
e:\glab\glab\basescene\x64\debug\basescene.tlog\link-cvtres.write.1.tlog
e:\glab\glab\basescene\x64\debug\basescene.tlog\link-rc.read.1.tlog
e:\glab\glab\basescene\x64\debug\basescene.tlog\link-rc.write.1.tlog
e:\glab\glab\basescene\x64\debug\basescene.tlog\link.18248-cvtres.read.1.tlog
e:\glab\glab\basescene\x64\debug\basescene.tlog\link.18248-cvtres.write.1.tlog
e:\glab\glab\basescene\x64\debug\basescene.tlog\link.18248-rc.read.1.tlog
e:\glab\glab\basescene\x64\debug\basescene.tlog\link.18248-rc.write.1.tlog
e:\glab\glab\basescene\x64\debug\basescene.tlog\link.18248.read.1.tlog
e:\glab\glab\basescene\x64\debug\basescene.tlog\link.18248.write.1.tlog
e:\glab\glab\basescene\x64\debug\basescene.tlog\link.command.1.tlog
e:\glab\glab\basescene\x64\debug\basescene.tlog\link.read.1.tlog
e:\glab\glab\basescene\x64\debug\basescene.tlog\link.write.1.tlog
